<?xml version="1.0" encoding="UTF-8"?>
<testsuite name="com.bestbuy.bestbuyinfo.ServiceCRUDTest" time="0" tests="1" errors="1" skipped="0" failures="0">
  <properties>
[...]
</properties>
  <testcase name="initializationError" classname="com.bestbuy.bestbuyinfo.ServiceCRUDTest" time="0">
    <error message="No runnable methods" type="java.lang.Exception"><![CDATA[java.lang.Exception: No runnable methods
	at org.junit.runners.BlockJUnit4ClassRunner.validateInstanceMethods(BlockJUnit4ClassRunner.java:191)
	at org.junit.runners.BlockJUnit4ClassRunner.collectInitializationErrors(BlockJUnit4ClassRunner.java:128)
	at org.junit.runners.ParentRunner.validate(ParentRunner.java:416)
	at org.junit.runners.ParentRunner.<init>(ParentRunner.java:84)
	at org.junit.runners.BlockJUnit4ClassRunner.<init>(BlockJUnit4ClassRunner.java:65)
	at net.serenitybdd.junit.runners.SerenityRunner.<init>(SerenityRunner.java:160)
	at net.serenitybdd.junit.runners.SerenityRunner.<init>(SerenityRunner.java:116)
	at net.serenitybdd.junit.runners.SerenityRunner.<init>(SerenityRunner.java:100)
	at sun.reflect.NativeConstructorAccessorImpl.newInstance0(Native Method)
	at sun.reflect.NativeConstructorAccessorImpl.newInstance(NativeConstructorAccessorImpl.java:62)
	at sun.reflect.DelegatingConstructorAccessorImpl.newInstance(DelegatingConstructorAccessorImpl.java:45)
	at java.lang.reflect.Constructor.newInstance(Constructor.java:423)
	at org.junit.internal.builders.AnnotatedBuilder.buildRunner(AnnotatedBuilder.java:104)
	at org.junit.internal.builders.AnnotatedBuilder.runnerForClass(AnnotatedBuilder.java:86)
	at org.junit.runners.model.RunnerBuilder.safeRunnerForClass(RunnerBuilder.java:59)
	at org.junit.internal.builders.AllDefaultPossibilitiesBuilder.runnerForClass(AllDefaultPossibilitiesBuilder.java:26)
	at org.junit.runners.model.RunnerBuilder.safeRunnerForClass(RunnerBuilder.java:59)
	at org.junit.internal.requests.ClassRequest.getRunner(ClassRequest.java:33)
	at org.apache.maven.surefire.junit4.JUnit4Provider.execute(JUnit4Provider.java:283)
	at org.apache.maven.surefire.junit4.JUnit4Provider.executeWithRerun(JUnit4Provider.java:173)
	at org.apache.maven.surefire.junit4.JUnit4Provider.executeTestSet(JUnit4Provider.java:153)
	at org.apache.maven.surefire.junit4.JUnit4Provider.invoke(JUnit4Provider.java:128)
	at org.apache.maven.surefire.booter.ForkedBooter.invokeProviderInSameClassLoader(ForkedBooter.java:203)
	at org.apache.maven.surefire.booter.ForkedBooter.runSuitesInProcess(ForkedBooter.java:155)
	at org.apache.maven.surefire.booter.ForkedBooter.main(ForkedBooter.java:103)
]]></error>
    <system-err><![CDATA[22113 [main] ERROR net.serenitybdd.core.Serenity - 
           __  _____ _____ ____ _____   _____ _    ___ _     _____ ____  
  _       / / |_   _| ____/ ___|_   _| |  ___/ \  |_ _| |   | ____|  _ \ 
 (_)_____| |    | | |  _| \___ \ | |   | |_ / _ \  | || |   |  _| | | | |
  _|_____| |    | | | |___ ___) || |   |  _/ ___ \ | || |___| |___| |_| |
 (_)     | |    |_| |_____|____/ |_|   |_|/_/   \_\___|_____|_____|____/ 
          \_\                                                            

TEST FAILED WITH ERROR: Verify if the Product was added to the application
---------------------------------------------------------------------
22120 [main] ERROR net.serenitybdd.core.Serenity - io.restassured.path.xml.XmlPath cannot be cast to java.util.HashMap
22806 [pool-1-thread-2] INFO net.thucydides.core.reports.json.JSONTestOutcomeReporter - Generating JSON report for Verify if the Product was added to the application to file C:\Users\Nihar\IdeaProjects\bestbuy_serenity\target\site\serenity\f2fcba173aca33f06809ac2a303f5ebda9eb2b795e9ceb3d43d3dd43d9955ebb.json (using temp file C:\Users\Nihar\IdeaProjects\bestbuy_serenity\target\site\serenity\f2fcba173aca33f06809ac2a303f5ebda9eb2b795e9ceb3d43d3dd43d9955ebb.jsonc9a8cfc7-73ec-4f7b-b175-637f8611f6ae)
22906 [pool-1-thread-1] INFO net.thucydides.core.reports.json.JSONTestOutcomeReporter - Generating JSON report for This will create a new Product to file C:\Users\Nihar\IdeaProjects\bestbuy_serenity\target\site\serenity\a4d2e1ba5fcd412fa86d8eaf2b5d78cf8928f0c4c79b97b6f0da4d5a8ec8b52c.json (using temp file C:\Users\Nihar\IdeaProjects\bestbuy_serenity\target\site\serenity\a4d2e1ba5fcd412fa86d8eaf2b5d78cf8928f0c4c79b97b6f0da4d5a8ec8b52c.json9bb8db4b-7914-4299-a129-1cf2fb64874f)
23894 [pool-2-thread-2] INFO net.thucydides.core.reports.html.HtmlAcceptanceTestReporter - GENERATING HTML REPORT FOR Product CRUD test:test02 in f2fcba173aca33f06809ac2a303f5ebda9eb2b795e9ceb3d43d3dd43d9955ebb.html in directory target\site\serenity  
23894 [pool-2-thread-1] INFO net.thucydides.core.reports.html.HtmlAcceptanceTestReporter - GENERATING HTML REPORT FOR Product CRUD test:test01 in a4d2e1ba5fcd412fa86d8eaf2b5d78cf8928f0c4c79b97b6f0da4d5a8ec8b52c.html in directory target\site\serenity  
]]></system-err>
  </testcase>
</testsuite>