<?xml version="1.0" encoding="UTF-8"?><testsuite errors="0" failures="0" name="com.bestbuy.bestbuytest.StoresCURDTestWithSteps" skipped="0" tests="4" time="10.36" timestamp="2021-07-20T23:20:11.379+01:00[Europe/London]"><testcase classname="com.bestbuy.bestbuytest.StoresCURDTestWithSteps" name="This test will create a new stores and verify its generated"/><testcase classname="com.bestbuy.bestbuytest.StoresCURDTestWithSteps" name="This test will get the stores information by ID"/><testcase classname="com.bestbuy.bestbuytest.StoresCURDTestWithSteps" name="This test will update the store information and verify the updated information"/><testcase classname="com.bestbuy.bestbuytest.StoresCURDTestWithSteps" name="This test will delete the store and verify the store is deleted "/></testsuite>