<?xml version="1.0" encoding="UTF-8"?><testsuite errors="1" failures="1" name="com.bestbuy.bestbuyinfo.ProductCRUDTest" skipped="0" tests="2" time="19.55" timestamp="2021-07-20T21:53:51.247+01:00[Europe/London]"><testcase classname="com.bestbuy.bestbuyinfo.ProductCRUDTest" name="This will create a new Product"><failure message="1 expectation failed.&#10;Expected status code &lt;201&gt; but was &lt;404&gt;.&#10;" type="java.lang.AssertionError">1 expectation failed.
Expected status code &lt;201&gt; but was &lt;404&gt;.
</failure><system-err>1 expectation failed.
Expected status code &lt;201&gt; but was &lt;404&gt;.
&#13;
io.restassured.internal.ResponseSpecificationImpl.validateResponseIfRequired(ResponseSpecificationImpl.groovy:636)&#13;
io.restassured.internal.ResponseSpecificationImpl.statusCode(ResponseSpecificationImpl.groovy:122)&#13;
io.restassured.internal.ResponseSpecificationImpl.statusCode(ResponseSpecificationImpl.groovy:130)&#13;
io.restassured.internal.ValidatableResponseOptionsImpl.statusCode(ValidatableResponseOptionsImpl.java:117)&#13;
com.bestbuy.bestbuyinfo.ProductCRUDTest.test01(ProductCRUDTest.java:59)&#13;
</system-err></testcase><testcase classname="com.bestbuy.bestbuyinfo.ProductCRUDTest" name="Verify if the Product was added to the application"><error message="io.restassured.path.xml.XmlPath cannot be cast to java.util.HashMap" type="java.lang.ClassCastException">io.restassured.path.xml.XmlPath cannot be cast to java.util.HashMap</error><system-err>io.restassured.path.xml.XmlPath cannot be cast to java.util.HashMap&#13;
com.bestbuy.bestbuyinfo.ProductCRUDTest.test02(ProductCRUDTest.java:79)&#13;
</system-err></testcase></testsuite>